# JRE version: Java(TM) SE Runtime Environment (8.0_202-b08) (build 1.8.0_202-b08)
# Java VM: Java HotSpot(TM) 64-Bit Server VM (25.202-b08 mixed mode windows-amd64 compressed oops)
Heap:
 PSYoungGen      total 366080K, used 54608K [0x000000076b580000, 0x0000000782d00000, 0x00000007c0000000)
  eden space 348672K, 15% used [0x000000076b580000,0x000000076ead41b8,0x0000000780a00000)
  from space 17408K, 0% used [0x0000000781c00000,0x0000000781c00000,0x0000000782d00000)
  to   space 17920K, 0% used [0x0000000780a00000,0x0000000780a00000,0x0000000781b80000)
 ParOldGen       total 175616K, used 28098K [0x00000006c2000000, 0x00000006ccb80000, 0x000000076b580000)
  object space 175616K, 16% used [0x00000006c2000000,0x00000006c3b70ad8,0x00000006ccb80000)
 Metaspace       used 57883K, capacity 62078K, committed 62376K, reserved 1103872K
  class space    used 7536K, capacity 8316K, committed 8360K, reserved 1048576K
GC Heap History (10 events):
Event: 4.841 GC heap before
{Heap before GC invocations=9 (full 2):
 PSYoungGen      total 162304K, used 8856K [0x000000076b580000, 0x000000077d100000, 0x00000007c0000000)
  eden space 146944K, 0% used [0x000000076b580000,0x000000076b580000,0x0000000774500000)
  from space 15360K, 57% used [0x0000000774500000,0x0000000774da63e8,0x0000000775400000)
  to   space 14336K, 0% used [0x000000077c300000,0x000000077c300000,0x000000077d100000)
 ParOldGen       total 103936K, used 9250K [0x00000006c2000000, 0x00000006c8580000, 0x000000076b580000)
  object space 103936K, 8% used [0x00000006c2000000,0x00000006c2908830,0x00000006c8580000)
 Metaspace       used 33440K, capacity 35478K, committed 35496K, reserved 1079296K
  class space    used 4366K, capacity 4767K, committed 4776K, reserved 1048576K
Event: 4.876 GC heap after
Heap after GC invocations=9 (full 2):
 PSYoungGen      total 162304K, used 0K [0x000000076b580000, 0x000000077d100000, 0x00000007c0000000)
  eden space 146944K, 0% used [0x000000076b580000,0x000000076b580000,0x0000000774500000)
  from space 15360K, 0% used [0x0000000774500000,0x0000000774500000,0x0000000775400000)
  to   space 14336K, 0% used [0x000000077c300000,0x000000077c300000,0x000000077d100000)
 ParOldGen       total 135168K, used 14590K [0x00000006c2000000, 0x00000006ca400000, 0x000000076b580000)
  object space 135168K, 10% used [0x00000006c2000000,0x00000006c2e3f9e0,0x00000006ca400000)
 Metaspace       used 33440K, capacity 35478K, committed 35496K, reserved 1079296K
  class space    used 4366K, capacity 4767K, committed 4776K, reserved 1048576K
}
Event: 5.987 GC heap before
{Heap before GC invocations=10 (full 2):
 PSYoungGen      total 162304K, used 146944K [0x000000076b580000, 0x000000077d100000, 0x00000007c0000000)
  eden space 146944K, 100% used [0x000000076b580000,0x0000000774500000,0x0000000774500000)
  from space 15360K, 0% used [0x0000000774500000,0x0000000774500000,0x0000000775400000)
  to   space 14336K, 0% used [0x000000077c300000,0x000000077c300000,0x000000077d100000)
 ParOldGen       total 135168K, used 14590K [0x00000006c2000000, 0x00000006ca400000, 0x000000076b580000)
  object space 135168K, 10% used [0x00000006c2000000,0x00000006c2e3f9e0,0x00000006ca400000)
 Metaspace       used 41127K, capacity 43426K, committed 43688K, reserved 1087488K
  class space    used 5316K, capacity 5763K, committed 5800K, reserved 1048576K
Event: 5.994 GC heap after
Heap after GC invocations=10 (full 2):
 PSYoungGen      total 260096K, used 8633K [0x000000076b580000, 0x000000077cb80000, 0x00000007c0000000)
  eden space 251392K, 0% used [0x000000076b580000,0x000000076b580000,0x000000077ab00000)
  from space 8704K, 99% used [0x000000077c300000,0x000000077cb6e538,0x000000077cb80000)
  to   space 13824K, 0% used [0x000000077b080000,0x000000077b080000,0x000000077be00000)
 ParOldGen       total 135168K, used 14662K [0x00000006c2000000, 0x00000006ca400000, 0x000000076b580000)
  object space 135168K, 10% used [0x00000006c2000000,0x00000006c2e519f0,0x00000006ca400000)
 Metaspace       used 41127K, capacity 43426K, committed 43688K, reserved 1087488K
  class space    used 5316K, capacity 5763K, committed 5800K, reserved 1048576K
}
Event: 43.178 GC heap before
{Heap before GC invocations=11 (full 2):
 PSYoungGen      total 260096K, used 260025K [0x000000076b580000, 0x000000077cb80000, 0x00000007c0000000)
  eden space 251392K, 100% used [0x000000076b580000,0x000000077ab00000,0x000000077ab00000)
  from space 8704K, 99% used [0x000000077c300000,0x000000077cb6e538,0x000000077cb80000)
  to   space 13824K, 0% used [0x000000077b080000,0x000000077b080000,0x000000077be00000)
 ParOldGen       total 135168K, used 14662K [0x00000006c2000000, 0x00000006ca400000, 0x000000076b580000)
  object space 135168K, 10% used [0x00000006c2000000,0x00000006c2e519f0,0x00000006ca400000)
 Metaspace       used 51289K, capacity 55318K, committed 55592K, reserved 1097728K
  class space    used 6864K, capacity 7624K, committed 7720K, reserved 1048576K
Event: 43.195 GC heap after
Heap after GC invocations=11 (full 2):
 PSYoungGen      total 270848K, used 13813K [0x000000076b580000, 0x0000000782d00000, 0x00000007c0000000)
  eden space 257024K, 0% used [0x000000076b580000,0x000000076b580000,0x000000077b080000)
  from space 13824K, 99% used [0x000000077b080000,0x000000077bdfd6f0,0x000000077be00000)
  to   space 17408K, 0% used [0x0000000781c00000,0x0000000781c00000,0x0000000782d00000)
 ParOldGen       total 135168K, used 19210K [0x00000006c2000000, 0x00000006ca400000, 0x000000076b580000)
  object space 135168K, 14% used [0x00000006c2000000,0x00000006c32c29c8,0x00000006ca400000)
 Metaspace       used 51289K, capacity 55318K, committed 55592K, reserved 1097728K
  class space    used 6864K, capacity 7624K, committed 7720K, reserved 1048576K
}
Event: 47.509 GC heap before
{Heap before GC invocations=12 (full 2):
 PSYoungGen      total 270848K, used 74077K [0x000000076b580000, 0x0000000782d00000, 0x00000007c0000000)
  eden space 257024K, 23% used [0x000000076b580000,0x000000076f059ed0,0x000000077b080000)
  from space 13824K, 99% used [0x000000077b080000,0x000000077bdfd6f0,0x000000077be00000)
  to   space 17408K, 0% used [0x0000000781c00000,0x0000000781c00000,0x0000000782d00000)
 ParOldGen       total 135168K, used 19210K [0x00000006c2000000, 0x00000006ca400000, 0x000000076b580000)
  object space 135168K, 14% used [0x00000006c2000000,0x00000006c32c29c8,0x00000006ca400000)
 Metaspace       used 54909K, capacity 59094K, committed 59160K, reserved 1099776K
  class space    used 7289K, capacity 8088K, committed 8104K, reserved 1048576K
Event: 47.522 GC heap after
Heap after GC invocations=12 (full 2):
 PSYoungGen      total 366080K, used 13447K [0x000000076b580000, 0x0000000782d00000, 0x00000007c0000000)
  eden space 348672K, 0% used [0x000000076b580000,0x000000076b580000,0x0000000780a00000)
  from space 17408K, 77% used [0x0000000781c00000,0x0000000782921f88,0x0000000782d00000)
  to   space 17920K, 0% used [0x0000000780a00000,0x0000000780a00000,0x0000000781b80000)
 ParOldGen       total 135168K, used 23120K [0x00000006c2000000, 0x00000006ca400000, 0x000000076b580000)
  object space 135168K, 17% used [0x00000006c2000000,0x00000006c3694148,0x00000006ca400000)
 Metaspace       used 54909K, capacity 59094K, committed 59160K, reserved 1099776K
  class space    used 7289K, capacity 8088K, committed 8104K, reserved 1048576K
}
Event: 47.522 GC heap before
{Heap before GC invocations=13 (full 3):
 PSYoungGen      total 366080K, used 13447K [0x000000076b580000, 0x0000000782d00000, 0x00000007c0000000)
  eden space 348672K, 0% used [0x000000076b580000,0x000000076b580000,0x0000000780a00000)
  from space 17408K, 77% used [0x0000000781c00000,0x0000000782921f88,0x0000000782d00000)
  to   space 17920K, 0% used [0x0000000780a00000,0x0000000780a00000,0x0000000781b80000)
 ParOldGen       total 135168K, used 23120K [0x00000006c2000000, 0x00000006ca400000, 0x000000076b580000)
  object space 135168K, 17% used [0x00000006c2000000,0x00000006c3694148,0x00000006ca400000)
 Metaspace       used 54909K, capacity 59094K, committed 59160K, reserved 1099776K
  class space    used 7289K, capacity 8088K, committed 8104K, reserved 1048576K
Event: 47.623 GC heap after
Heap after GC invocations=13 (full 3):
 PSYoungGen      total 366080K, used 0K [0x000000076b580000, 0x0000000782d00000, 0x00000007c0000000)
  eden space 348672K, 0% used [0x000000076b580000,0x000000076b580000,0x0000000780a00000)
  from space 17408K, 0% used [0x0000000781c00000,0x0000000781c00000,0x0000000782d00000)
  to   space 17920K, 0% used [0x0000000780a00000,0x0000000780a00000,0x0000000781b80000)
 ParOldGen       total 175616K, used 28098K [0x00000006c2000000, 0x00000006ccb80000, 0x000000076b580000)
  object space 175616K, 16% used [0x00000006c2000000,0x00000006c3b70ad8,0x00000006ccb80000)
 Metaspace       used 54887K, capacity 59026K, committed 59160K, reserved 1099776K
  class space    used 7282K, capacity 8076K, committed 8104K, reserved 1048576K
}

